0 info it worked if it ends with ok
1 verbose cli [ 'node',
1 verbose cli   '/usr/local/bin/npm',
1 verbose cli   'install',
1 verbose cli   'grunt-contrib-sass',
1 verbose cli   '--save-dev' ]
2 info using npm@2.1.6
3 info using node@v0.10.33
4 verbose node symlink /usr/local/bin/node
5 verbose stack Error: Invalid name: "Yeshiva Open House"
5 verbose stack     at ensureValidName (/usr/local/lib/node_modules/npm/node_modules/normalize-package-data/lib/fixer.js:322:15)
5 verbose stack     at Object.module.exports.fixNameField (/usr/local/lib/node_modules/npm/node_modules/normalize-package-data/lib/fixer.js:211:5)
5 verbose stack     at /usr/local/lib/node_modules/npm/node_modules/normalize-package-data/lib/normalize.js:30:38
5 verbose stack     at Array.forEach (native)
5 verbose stack     at normalize (/usr/local/lib/node_modules/npm/node_modules/normalize-package-data/lib/normalize.js:29:15)
5 verbose stack     at final (/usr/local/lib/node_modules/npm/node_modules/read-package-json/read-json.js:342:33)
5 verbose stack     at then (/usr/local/lib/node_modules/npm/node_modules/read-package-json/read-json.js:126:33)
5 verbose stack     at /usr/local/lib/node_modules/npm/node_modules/read-package-json/read-json.js:331:40
5 verbose stack     at evalmachine.<anonymous>:271:14
5 verbose stack     at /usr/local/lib/node_modules/npm/node_modules/graceful-fs/graceful-fs.js:102:5
6 verbose cwd /Users/complementstudio/Desktop/Development/yeshiva/discover-pathways/fireshell
7 error Darwin 14.0.0
8 error argv "node" "/usr/local/bin/npm" "install" "grunt-contrib-sass" "--save-dev"
9 error node v0.10.33
10 error npm  v2.1.6
11 error Invalid name: "Yeshiva Open House"
12 error If you need help, you may report this error at:
12 error     <http://github.com/npm/npm/issues>
13 verbose exit [ 1, true ]
